<?xml version="1.0" encoding="UTF-8"?>
<!-- Generated by org.testng.reporters.JUnitReportReporter -->
<testsuite hostname="APH10158" failures="0" tests="1" name="com.solera.commerce.testcases.AccountCreationPageTest" time="9.487" errors="0" timestamp="2023-06-24T20:27:08 IST" skipped="0">
  <testcase classname="com.solera.commerce.testcases.AccountCreationPageTest" name="registerTest" time="9.487"/>
</testsuite> <!-- com.solera.commerce.testcases.AccountCreationPageTest -->
