<?xml version="1.0" encoding="UTF-8"?>
<!-- Generated by org.testng.reporters.JUnitReportReporter -->
<testsuite hostname="APH10158" failures="0" tests="1" name="com.solera.commerce.testcases.LoginTest" time="6.588" errors="0" timestamp="2023-06-23T16:18:15 IST" skipped="0">
  <testcase classname="com.solera.commerce.testcases.LoginTest" name="loginTest" time="6.588"/>
</testsuite> <!-- com.solera.commerce.testcases.LoginTest -->
