<?xml version="1.0" encoding="UTF-8"?>
<!-- Generated by org.testng.reporters.JUnitReportReporter -->
<testsuite hostname="APH10158" failures="0" tests="1" name="com.solera.commerce.testcases.SearchPageTest" time="6.300" errors="0" timestamp="2023-06-23T15:59:11 IST" skipped="0">
  <testcase classname="com.solera.commerce.testcases.SearchPageTest" name="search" time="6.300"/>
</testsuite> <!-- com.solera.commerce.testcases.SearchPageTest -->
