<?xml version="1.0" encoding="UTF-8"?>
<!-- Generated by org.testng.reporters.JUnitReportReporter -->
<testsuite hostname="APH10158" failures="0" tests="1" name="com.solera.commerce.testcases.CartPageTest" time="11.379" errors="0" timestamp="2023-06-23T16:03:38 IST" skipped="0">
  <testcase classname="com.solera.commerce.testcases.CartPageTest" name="addToCart" time="11.379"/>
</testsuite> <!-- com.solera.commerce.testcases.CartPageTest -->
